<?xml version="1.0" encoding="UTF-8"?>
<!-- Generated by org.testng.reporters.JUnitReportReporter -->
<testsuite skipped="0" hostname="DESKTOP-L7DBVHU" name="SeliniumTestCases.DragAndDrop" tests="1" failures="0" timestamp="2020-11-30T16:04:35 IST" time="12.335" errors="0">
  <testcase name="DragnDrop" time="12.335" classname="SeliniumTestCases.DragAndDrop"/>
</testsuite> <!-- SeliniumTestCases.DragAndDrop -->
