<?xml version="1.0" encoding="UTF-8"?>
<!-- Generated by org.testng.reporters.JUnitReportReporter -->
<testsuite skipped="0" hostname="DESKTOP-L7DBVHU" name="SeliniumTestCases.GetAttribute" tests="1" failures="0" timestamp="2020-11-30T16:04:35 IST" time="18.052" errors="0">
  <testcase name="f" time="18.052" classname="SeliniumTestCases.GetAttribute"/>
</testsuite> <!-- SeliniumTestCases.GetAttribute -->
