<?xml version="1.0" encoding="UTF-8"?>
<!-- Generated by org.testng.reporters.JUnitReportReporter -->
<testsuite skipped="0" hostname="DESKTOP-L7DBVHU" name="SeliniumTestCases.NewTest01" tests="1" failures="0" timestamp="2020-11-30T17:06:40 IST" time="23.276" errors="0">
  <testcase name="f" time="23.276" classname="SeliniumTestCases.NewTest01"/>
</testsuite> <!-- SeliniumTestCases.NewTest01 -->
